<?xml version="1.0" encoding="UTF-8"?>
<testsuite xmlns:xsi="http://www.w3.org/2001/XMLSchema-instance" xsi:noNamespaceSchemaLocation="https://maven.apache.org/surefire/maven-surefire-plugin/xsd/surefire-test-report-3.0.xsd" version="3.0" name="com.test.demo.DemoApplicationTests" time="3.549" tests="1" errors="0" skipped="0" failures="0">
  <properties>
[...]
</properties>
  <testcase name="contextLoads" classname="com.test.demo.DemoApplicationTests" time="1.096">
    <system-out><![CDATA[20:01:58.661 [main] INFO org.springframework.test.context.support.AnnotationConfigContextLoaderUtils -- Could not detect default configuration classes for test class [com.test.demo.DemoApplicationTests]: DemoApplicationTests does not declare any static, non-private, non-final, nested classes annotated with @Configuration.
20:01:58.805 [main] INFO org.springframework.boot.test.context.SpringBootTestContextBootstrapper -- Found @SpringBootConfiguration com.test.demo.DemoApplication for test class com.test.demo.DemoApplicationTests

  .   ____          _            __ _ _
 /\\ / ___'_ __ _ _(_)_ __  __ _ \ \ \ \
( ( )\___ | '_ | '_| | '_ \/ _` | \ \ \ \
 \\/  ___)| |_)| | | | | || (_| |  ) ) ) )
  '  |____| .__|_| |_|_| |_\__, | / / / /
 =========|_|==============|___/=/_/_/_/
 :: Spring Boot ::                (v3.2.2)

2024-02-09T20:01:59.240Z  INFO 10084 --- [           main] com.test.demo.DemoApplicationTests       : Starting DemoApplicationTests using Java 19.0.2 with PID 10084 (started by andri in C:\Users\andri\Desktop\projects\msc\demo)
2024-02-09T20:01:59.242Z  INFO 10084 --- [           main] com.test.demo.DemoApplicationTests       : No active profile set, falling back to 1 default profile: "default"
2024-02-09T20:02:00.901Z  INFO 10084 --- [           main] com.test.demo.DemoApplicationTests       : Started DemoApplicationTests in 1.924 seconds (process running for 2.988)
]]></system-out>
  </testcase>
</testsuite>